[ 50%] [32mBuilding CXX object CMakeFiles/video_read.dir/src/node/video_read.cpp.o[0m
[ 50%] [32mBuilding CXX object CMakeFiles/video_process.dir/src/node/video_process.cpp.o[0m
[01m[K/home/oife/d2lros2/visual_learning/class19-Ros2/ros_ws/src/c19/src/node/video_read.cpp:3:10:[m[K [01;31m[Kfatal error: [m[Kvideo_process-opencv.h: No such file or directory
    3 | #include [01;31m[K"video_process-opencv.h"[m[K
      |          [01;31m[K^~~~~~~~~~~~~~~~~~~~~~~~[m[K
compilation terminated.
gmake[2]: *** [CMakeFiles/video_read.dir/build.make:76: CMakeFiles/video_read.dir/src/node/video_read.cpp.o] Error 1
gmake[1]: *** [CMakeFiles/Makefile2:139: CMakeFiles/video_read.dir/all] Error 2
gmake[1]: *** Waiting for unfinished jobs....
[ 75%] [32m[1mLinking CXX executable video_process[0m
/usr/bin/ld: warning: libopencv_core.so.4.5d, needed by /opt/ros/humble/lib/libcv_bridge.so, may conflict with libopencv_core.so.413
[ 75%] Built target video_process
gmake: *** [Makefile:146: all] Error 2
