[0.007s] Invoking command in '/home/oife/d2lros2/visual_learning/class19-Ros2/ros_ws/build/c19': CMAKE_PREFIX_PATH=/opt/ros/humble /usr/bin/cmake /home/oife/d2lros2/visual_learning/class19-Ros2/ros_ws/src/c19 -DCMAKE_INSTALL_PREFIX=/home/oife/d2lros2/visual_learning/class19-Ros2/ros_ws/install/c19
[0.015s] -- Found ament_cmake: 1.3.12 (/opt/ros/humble/share/ament_cmake/cmake)
[0.083s] -- Found rclcpp: 16.0.15 (/opt/ros/humble/share/rclcpp/cmake)
[0.096s] -- Found rosidl_generator_c: 3.1.7 (/opt/ros/humble/share/rosidl_generator_c/cmake)
[0.098s] -- Found rosidl_adapter: 3.1.7 (/opt/ros/humble/share/rosidl_adapter/cmake)
[0.100s] -- Found rosidl_generator_cpp: 3.1.7 (/opt/ros/humble/share/rosidl_generator_cpp/cmake)
[0.105s] -- Using all available rosidl_typesupport_c: rosidl_typesupport_fastrtps_c;rosidl_typesupport_introspection_c
[0.110s] -- Using all available rosidl_typesupport_cpp: rosidl_typesupport_fastrtps_cpp;rosidl_typesupport_introspection_cpp
[0.126s] -- Found rmw_implementation_cmake: 6.1.2 (/opt/ros/humble/share/rmw_implementation_cmake/cmake)
[0.126s] -- Found rmw_fastrtps_cpp: 6.2.9 (/opt/ros/humble/share/rmw_fastrtps_cpp/cmake)
[0.178s] -- Using RMW implementation 'rmw_fastrtps_cpp' as default
[0.204s] -- Found sensor_msgs: 4.9.0 (/opt/ros/humble/share/sensor_msgs/cmake)
[0.218s] -- Found cv_bridge: 3.2.1 (/opt/ros/humble/share/cv_bridge/cmake)
[0.219s] -- Found ament_lint_auto: 0.12.14 (/opt/ros/humble/share/ament_lint_auto/cmake)
[0.259s] -- Added test 'cppcheck' to perform static code analysis on C / C++ code
[0.260s] -- Configured cppcheck include dirs: 
[0.260s] -- Configured cppcheck exclude dirs and/or files: 
[0.260s] -- Added test 'lint_cmake' to check CMake code style
[0.260s] -- Added test 'uncrustify' to check C / C++ code style
[0.260s] -- Configured uncrustify additional arguments: 
[0.261s] -- Added test 'xmllint' to check XML markup files
[0.261s] -- Configuring done
[0.271s] -- Generating done
[0.274s] -- Build files have been written to: /home/oife/d2lros2/visual_learning/class19-Ros2/ros_ws/build/c19
[0.281s] Invoked command in '/home/oife/d2lros2/visual_learning/class19-Ros2/ros_ws/build/c19' returned '0': CMAKE_PREFIX_PATH=/opt/ros/humble /usr/bin/cmake /home/oife/d2lros2/visual_learning/class19-Ros2/ros_ws/src/c19 -DCMAKE_INSTALL_PREFIX=/home/oife/d2lros2/visual_learning/class19-Ros2/ros_ws/install/c19
[0.282s] Invoking command in '/home/oife/d2lros2/visual_learning/class19-Ros2/ros_ws/build/c19': CMAKE_PREFIX_PATH=/opt/ros/humble /usr/bin/cmake --build /home/oife/d2lros2/visual_learning/class19-Ros2/ros_ws/build/c19 -- -j4 -l4
[0.318s] [ 25%] [32mBuilding CXX object CMakeFiles/video_read.dir/src/node/video_read.cpp.o[0m
[0.320s] [ 50%] [32mBuilding CXX object CMakeFiles/video_process.dir/src/node/video_process.cpp.o[0m
[0.471s] [01m[K/home/oife/d2lros2/visual_learning/class19-Ros2/ros_ws/src/c19/src/node/video_process.cpp:3:10:[m[K [01;31m[Kfatal error: [m[Kvideo_process-opencv.h: No such file or directory
[0.471s]     3 | #include [01;31m[K"video_process-opencv.h"[m[K
[0.471s]       |          [01;31m[K^~~~~~~~~~~~~~~~~~~~~~~~[m[K
[0.471s] compilation terminated.
[0.471s] [01m[K/home/oife/d2lros2/visual_learning/class19-Ros2/ros_ws/src/c19/src/node/video_read.cpp:3:10:[m[K [01;31m[Kfatal error: [m[Kvideo_process-opencv.h: No such file or directory
[0.471s]     3 | #include [01;31m[K"video_process-opencv.h"[m[K
[0.471s]       |          [01;31m[K^~~~~~~~~~~~~~~~~~~~~~~~[m[K
[0.471s] compilation terminated.
[0.471s] gmake[2]: *** [CMakeFiles/video_read.dir/build.make:76: CMakeFiles/video_read.dir/src/node/video_read.cpp.o] Error 1
[0.471s] gmake[1]: *** [CMakeFiles/Makefile2:139: CMakeFiles/video_read.dir/all] Error 2
[0.471s] gmake[1]: *** Waiting for unfinished jobs....
[0.471s] gmake[2]: *** [CMakeFiles/video_process.dir/build.make:76: CMakeFiles/video_process.dir/src/node/video_process.cpp.o] Error 1
[0.471s] gmake[1]: *** [CMakeFiles/Makefile2:165: CMakeFiles/video_process.dir/all] Error 2
[0.471s] gmake: *** [Makefile:146: all] Error 2
[0.473s] Invoked command in '/home/oife/d2lros2/visual_learning/class19-Ros2/ros_ws/build/c19' returned '2': CMAKE_PREFIX_PATH=/opt/ros/humble /usr/bin/cmake --build /home/oife/d2lros2/visual_learning/class19-Ros2/ros_ws/build/c19 -- -j4 -l4
